Using pre-set license
Built from '2020.3/release' branch; Version is '2020.3.1f1 (77a89f25062f) revision 7841951'; Using compiler version '192528614'; Build Type 'Release'
OS: 'Windows 10 Home; OS build 19042.1052; Version 2009; 64bit' Language: 'en' Physical Memory: 8190 MB
BatchMode: 1, IsHumanControllingUs: 0, StartBugReporterOnCrash: 0, Is64bit: 1, IsPro: 0

 COMMAND LINE ARGUMENTS:
C:\Program Files\Unity\Hub\Editor\2020.3.1f1\Editor\Unity.exe
-adb2
-batchMode
-noUpm
-name
AssetImportWorker0
-projectPath
C:/Users/leechrot/Downloads/Unity/dalekcam
-logFile
Logs/AssetImportWorker0.log
-srvPort
61877
Successfully changed project path to: C:/Users/leechrot/Downloads/Unity/dalekcam
C:/Users/leechrot/Downloads/Unity/dalekcam
Using Asset Import Pipeline V2.
Refreshing native plugins compatible for Editor in 50.06 ms, found 0 plugins.
Preloading 0 native plugins for Editor in 0.00 ms.
Initialize engine version: 2020.3.1f1 (77a89f25062f)
[Subsystems] Discovering subsystems at path C:/Program Files/Unity/Hub/Editor/2020.3.1f1/Editor/Data/Resources/UnitySubsystems
[Subsystems] Discovering subsystems at path C:/Users/leechrot/Downloads/Unity/dalekcam/Assets
GfxDevice: creating device client; threaded=0
Direct3D:
    Version:  Direct3D 11.0 [level 11.0]
    Renderer: NVIDIA GeForce GTX 760 (ID=0x1187)
    Vendor:   
    VRAM:     2007 MB
    Driver:   27.21.14.5671
Initialize mono
Mono path[0] = 'C:/Program Files/Unity/Hub/Editor/2020.3.1f1/Editor/Data/Managed'
Mono path[1] = 'C:/Program Files/Unity/Hub/Editor/2020.3.1f1/Editor/Data/MonoBleedingEdge/lib/mono/unityjit'
Mono config path = 'C:/Program Files/Unity/Hub/Editor/2020.3.1f1/Editor/Data/MonoBleedingEdge/etc'
Using monoOptions --debugger-agent=transport=dt_socket,embedding=1,server=y,suspend=n,address=127.0.0.1:56588
Begin MonoManager ReloadAssembly
Registering precompiled unity dll's ...
Register platform support module: C:/Program Files/Unity/Hub/Editor/2020.3.1f1/Editor/Data/PlaybackEngines/WindowsStandaloneSupport/UnityEditor.WindowsStandalone.Extensions.dll
Registered in 0.006020 seconds.
Native extension for WindowsStandalone target not found
Refreshing native plugins compatible for Editor in 42.37 ms, found 0 plugins.
Preloading 0 native plugins for Editor in 0.00 ms.
Invoked RoslynAnalysisRunner static constructor.
RoslynAnalysisRunner will not be running.
RoslynAnalysisRunner has terminated.
Mono: successfully reloaded assembly
- Completed reload, in  3.630 seconds
Platform modules already initialized, skipping
Registering precompiled user dll's ...
Registered in 0.004477 seconds.
Begin MonoManager ReloadAssembly
Native extension for WindowsStandalone target not found
Refreshing native plugins compatible for Editor in 0.50 ms, found 0 plugins.
Preloading 0 native plugins for Editor in 0.00 ms.
Invoked RoslynAnalysisRunner static constructor.
RoslynAnalysisRunner will not be running.
RoslynAnalysisRunner has terminated.
Mono: successfully reloaded assembly
- Completed reload, in  1.654 seconds
Platform modules already initialized, skipping
========================================================================
Worker process is ready to serve import requests
Launched and connected shader compiler UnityShaderCompiler.exe after 0.07 seconds
Refreshing native plugins compatible for Editor in 0.41 ms, found 0 plugins.
Preloading 0 native plugins for Editor in 0.00 ms.
Unloading 1113 Unused Serialized files (Serialized files now loaded: 0)
System memory in use before: 57.1 MB.
System memory in use after: 57.2 MB.

Unloading 10 unused Assets to reduce memory usage. Loaded Objects now: 1555.
Total: 7.907290 ms (FindLiveObjects: 0.839911 ms CreateObjectMapping: 0.149111 ms MarkObjects: 6.787245 ms  DeleteObjects: 0.125156 ms)

========================================================================
Received Import Request.
  path: Assets/Models/Hal/Materials/Glass Light.005.mat
  artifactKey: Guid(cfc3bcc18e9e182428b337d65c11b331) Importer(815301076,1909f56bfc062723c751e8b465ee728b)
Start importing Assets/Models/Hal/Materials/Glass Light.005.mat using Guid(cfc3bcc18e9e182428b337d65c11b331) Importer(815301076,1909f56bfc062723c751e8b465ee728b)  -> (artifact id: '18ca5f87adcf2ea3dbf88015a03425fc') in 0.240892 seconds
  Import took 0.244350 seconds .

========================================================================
Received Import Request.
  Time since last request: 182.365837 seconds.
  path: Assets/Models/Ground.mat
  artifactKey: Guid(092f7656b6478524c9e8673f566cedae) Importer(815301076,1909f56bfc062723c751e8b465ee728b)
Start importing Assets/Models/Ground.mat using Guid(092f7656b6478524c9e8673f566cedae) Importer(815301076,1909f56bfc062723c751e8b465ee728b)  -> (artifact id: '10c6fd4b7a2a6ad9d965911f58970a7f') in 0.044607 seconds
  Import took 0.053244 seconds .

========================================================================
Received Import Request.
  Time since last request: 14.623467 seconds.
  path: Assets/Models/Ground.mat
  artifactKey: Guid(092f7656b6478524c9e8673f566cedae) Importer(815301076,1909f56bfc062723c751e8b465ee728b)
Start importing Assets/Models/Ground.mat using Guid(092f7656b6478524c9e8673f566cedae) Importer(815301076,1909f56bfc062723c751e8b465ee728b)  -> (artifact id: '29c37037cafbd7aa7624bab4e9985e06') in 0.071125 seconds
  Import took 0.080349 seconds .

========================================================================
Received Import Request.
  Time since last request: 31.979306 seconds.
  path: Assets/Models/Ground.mat
  artifactKey: Guid(092f7656b6478524c9e8673f566cedae) Importer(815301076,1909f56bfc062723c751e8b465ee728b)
Start importing Assets/Models/Ground.mat using Guid(092f7656b6478524c9e8673f566cedae) Importer(815301076,1909f56bfc062723c751e8b465ee728b)  -> (artifact id: 'fa6fa5f23783467cf17d77c5410f5fd6') in 0.051464 seconds
  Import took 0.056526 seconds .

========================================================================
Received Import Request.
  Time since last request: 0.000928 seconds.
  path: Assets/Models/Wall.mat
  artifactKey: Guid(c8a2de7be6f0fe14d975d8f784a54955) Importer(815301076,1909f56bfc062723c751e8b465ee728b)
Start importing Assets/Models/Wall.mat using Guid(c8a2de7be6f0fe14d975d8f784a54955) Importer(815301076,1909f56bfc062723c751e8b465ee728b)  -> (artifact id: '0a4eb9769a92b9a1a1290b0b0b656e4b') in 0.049817 seconds
  Import took 0.057145 seconds .

========================================================================
Received Import Request.
  Time since last request: 0.007100 seconds.
  path: Assets/Models/Wall.mat
  artifactKey: Guid(c8a2de7be6f0fe14d975d8f784a54955) Importer(815301076,1909f56bfc062723c751e8b465ee728b)
Start importing Assets/Models/Wall.mat using Guid(c8a2de7be6f0fe14d975d8f784a54955) Importer(815301076,1909f56bfc062723c751e8b465ee728b)  -> (artifact id: '0a4eb9769a92b9a1a1290b0b0b656e4b') in 0.033814 seconds
  Import took 0.040226 seconds .

========================================================================
Received Import Request.
  Time since last request: 20.714095 seconds.
  path: Assets/Models/Ground.mat
  artifactKey: Guid(092f7656b6478524c9e8673f566cedae) Importer(815301076,1909f56bfc062723c751e8b465ee728b)
Start importing Assets/Models/Ground.mat using Guid(092f7656b6478524c9e8673f566cedae) Importer(815301076,1909f56bfc062723c751e8b465ee728b)  -> (artifact id: '86af0bc5519fe555578a4aa523cd879d') in 0.035915 seconds
  Import took 0.044178 seconds .

========================================================================
Received Prepare
Registering precompiled user dll's ...
Registered in 0.002397 seconds.
Begin MonoManager ReloadAssembly
Native extension for WindowsStandalone target not found
Refreshing native plugins compatible for Editor in 0.43 ms, found 0 plugins.
Preloading 0 native plugins for Editor in 0.00 ms.
Invoked RoslynAnalysisRunner static constructor.
RoslynAnalysisRunner will not be running.
RoslynAnalysisRunner has terminated.
Mono: successfully reloaded assembly
- Completed reload, in  2.274 seconds
Platform modules already initialized, skipping
Refreshing native plugins compatible for Editor in 0.88 ms, found 0 plugins.
Preloading 0 native plugins for Editor in 0.00 ms.
Unloading 1108 Unused Serialized files (Serialized files now loaded: 0)
System memory in use before: 60.4 MB.
System memory in use after: 60.5 MB.

Unloading 5 unused Assets to reduce memory usage. Loaded Objects now: 1598.
Total: 5.979112 ms (FindLiveObjects: 0.957733 ms CreateObjectMapping: 0.128089 ms MarkObjects: 4.762756 ms  DeleteObjects: 0.122222 ms)

========================================================================
Received Prepare
Registering precompiled user dll's ...
Registered in 0.001950 seconds.
Begin MonoManager ReloadAssembly
Native extension for WindowsStandalone target not found
Refreshing native plugins compatible for Editor in 1.30 ms, found 0 plugins.
Preloading 0 native plugins for Editor in 0.00 ms.
Invoked RoslynAnalysisRunner static constructor.
RoslynAnalysisRunner will not be running.
RoslynAnalysisRunner has terminated.
Mono: successfully reloaded assembly
- Completed reload, in  6.121 seconds
Platform modules already initialized, skipping
Refreshing native plugins compatible for Editor in 3.03 ms, found 0 plugins.
Preloading 0 native plugins for Editor in 0.00 ms.
Unloading 1108 Unused Serialized files (Serialized files now loaded: 0)
System memory in use before: 60.4 MB.
System memory in use after: 60.5 MB.

Unloading 5 unused Assets to reduce memory usage. Loaded Objects now: 1601.
Total: 14.299024 ms (FindLiveObjects: 3.046756 ms CreateObjectMapping: 0.724533 ms MarkObjects: 10.333157 ms  DeleteObjects: 0.186267 ms)

AssetImportWorkerClient::OnTransportError - code=2 error=End of file
